<?xml version="1.0" encoding="UTF-8"?>
<!-- Generated by org.testng.reporters.JUnitReportReporter -->
<testsuite hostname="ATMECSINLT-1155" failures="0" tests="5" name="com.atmecs.saucedemo.testscripts.LoginPageTest" time="14.299" errors="0" timestamp="2022-08-05T15:24:03 GMT+05:30" skipped="0">
  <testcase classname="com.atmecs.saucedemo.testscripts.LoginPageTest" name="nagitiveLoginData" time="2.598"/>
  <system-out/>
  <testcase classname="com.atmecs.saucedemo.testscripts.LoginPageTest" name="nagitiveLoginData" time="2.561"/>
  <system-out/>
  <testcase classname="com.atmecs.saucedemo.testscripts.LoginPageTest" name="nagitiveLoginData" time="2.558"/>
  <system-out/>
  <testcase classname="com.atmecs.saucedemo.testscripts.LoginPageTest" name="nagitiveLoginData" time="2.613"/>
  <system-out/>
  <testcase classname="com.atmecs.saucedemo.testscripts.LoginPageTest" name="nagitiveLoginData" time="3.969"/>
  <system-out/>
</testsuite> <!-- com.atmecs.saucedemo.testscripts.LoginPageTest -->
