<?xml version="1.0" encoding="UTF-8"?>
<!-- Generated by org.testng.reporters.JUnitReportReporter -->
<testsuite hostname="ATMECSINLT-1155" failures="0" tests="1" name="com.atmecs.saucedemo.testscripts.ProductOrderTest" time="4.035" errors="0" timestamp="2022-08-05T16:08:15 GMT+05:30" skipped="0">
  <testcase classname="com.atmecs.saucedemo.testscripts.ProductOrderTest" name="checkFuntionalityOfProduct" time="4.035"/>
  <system-out/>
</testsuite> <!-- com.atmecs.saucedemo.testscripts.ProductOrderTest -->
