<?xml version="1.0" encoding="UTF-8"?>
<!-- Generated by org.testng.reporters.JUnitReportReporter -->
<testsuite hostname="ATMECSINLT-1155" failures="0" tests="4" name="com.atmecs.saucedemo.testscripts.SidebarMenuTest" time="19.928" errors="0" timestamp="2022-08-05T16:08:15 GMT+05:30" skipped="0">
  <testcase classname="com.atmecs.saucedemo.testscripts.SidebarMenuTest" name="verifyAllitemsMenu" time="3.009"/>
  <system-out/>
  <testcase classname="com.atmecs.saucedemo.testscripts.SidebarMenuTest" name="verifyAboutMenu" time="5.484"/>
  <system-out/>
  <testcase classname="com.atmecs.saucedemo.testscripts.SidebarMenuTest" name="verifyLogoutMenu" time="2.915"/>
  <system-out/>
  <testcase classname="com.atmecs.saucedemo.testscripts.SidebarMenuTest" name="verifyResetAppStateMenu" time="8.520"/>
  <system-out/>
</testsuite> <!-- com.atmecs.saucedemo.testscripts.SidebarMenuTest -->
