<?xml version="1.0" encoding="UTF-8"?>
<!-- Generated by org.testng.reporters.JUnitReportReporter -->
<testsuite hostname="ATMECSINLT-1155" failures="0" tests="5" name="com.atmecs.saucedemo.testscripts.LoginPageTest" time="14.958" errors="0" timestamp="2022-08-05T16:08:15 GMT+05:30" skipped="0">
  <testcase classname="com.atmecs.saucedemo.testscripts.LoginPageTest" name="nagitiveLoginData" time="2.614"/>
  <system-out/>
  <testcase classname="com.atmecs.saucedemo.testscripts.LoginPageTest" name="nagitiveLoginData" time="3.881"/>
  <system-out/>
  <testcase classname="com.atmecs.saucedemo.testscripts.LoginPageTest" name="nagitiveLoginData" time="2.577"/>
  <system-out/>
  <testcase classname="com.atmecs.saucedemo.testscripts.LoginPageTest" name="nagitiveLoginData" time="3.176"/>
  <system-out/>
  <testcase classname="com.atmecs.saucedemo.testscripts.LoginPageTest" name="nagitiveLoginData" time="2.710"/>
  <system-out/>
</testsuite> <!-- com.atmecs.saucedemo.testscripts.LoginPageTest -->
